[ERROR] 2024-04-24 14:36:12 Unauthorized: You are not authorized to access this resource.
[ERROR] 2024-04-24 14:36:32 Unauthorized: You are not authorized to access this resource.
[ERROR] 2024-04-24 14:36:51 Unauthorized: You are not authorized to access this resource.
[ERROR] 2024-04-24 14:38:52 Unauthorized: You are not authorized to access this resource.
[ERROR] 2024-04-24 15:34:18 Missing Token: Access token is missing.
[ERROR] 2024-04-24 15:54:05 Missing Token: Access token is missing.
[ERROR] 2024-04-24 15:55:46 Missing Token: Access token is missing.
[ERROR] 2024-04-24 15:56:36 Missing Token: Access token is missing.
[ERROR] 2024-04-24 16:07:56 Missing Token: Access token is missing.
[ERROR] 2024-04-24 16:31:12 Starting server error: ReferenceError: Cannot access 'controllerPaths' before initialization
[ERROR] 2024-04-24 16:59:39 Starting server error: SyntaxError: Unexpected token '.'
[ERROR] 2024-04-24 17:01:52 Starting server error: SyntaxError: Unexpected token '.'
[ERROR] 2024-04-24 17:11:16 Starting server error: SyntaxError: Unexpected token '.'
[ERROR] 2024-04-24 17:18:00 Starting server error: SyntaxError: Unexpected token '.'
[ERROR] 2024-04-27 22:20:20 Starting server error: Error: Attempted to construct an undefined constructor. Could mean a circular dependency problem. Try using `delay` function.
[ERROR] 2024-05-21 23:23:22 Starting server error: Error: Attempted to construct an undefined constructor. Could mean a circular dependency problem. Try using `delay` function.
[ERROR] 2024-05-21 23:24:37 Starting server error: Error: Attempted to construct an undefined constructor. Could mean a circular dependency problem. Try using `delay` function.
[ERROR] 2024-05-22 08:31:22 Starting server error: TypeError: Cannot read properties of null (reading 'initializeClient')
[ERROR] 2024-05-22 08:31:39 Starting server error: TypeError: Cannot read properties of null (reading 'initializeClient')
[ERROR] 2024-05-22 08:34:47 Starting server error: TypeError: Cannot read properties of null (reading 'initializeClient')
[ERROR] 2024-05-22 08:38:16 Starting server error: PrismaClientInitializationError: 
Invalid `result.user.findMany()` invocation in
C:\Users\Olusegun Sogbesan\Documents\Logan\Web Development\Personal Workspace\kenia-monolithic-template-expressjs\backend\src\infrastructure\internal\express\index.ts:97:42

  94 this.loadControllersDynamically()
  95   .then(async () => {
  96     const result = this.dbContext.initializeClient()
→ 97     const user = await result.user.findMany(
Can't reach database server at `localhost:5432`

Please make sure your database server is running at `localhost:5432`.
[ERROR] 2024-05-22 08:39:58 Starting server error: PrismaClientInitializationError: 
Invalid `result.user.findMany()` invocation in
C:\Users\Olusegun Sogbesan\Documents\Logan\Web Development\Personal Workspace\kenia-monolithic-template-expressjs\backend\src\infrastructure\internal\express\index.ts:97:42

  94 this.loadControllersDynamically()
  95   .then(async () => {
  96     const result = this.dbContext.initializeClient()
→ 97     const user = await result.user.findMany(
Can't reach database server at `aws-0-eu-central-1.pooler.supabase.com:6543`

Please make sure your database server is running at `aws-0-eu-central-1.pooler.supabase.com:6543`.
[ERROR] 2024-05-22 08:42:58 Starting server error: PrismaClientInitializationError: 
Invalid `result.user.findMany()` invocation in
C:\Users\Olusegun Sogbesan\Documents\Logan\Web Development\Personal Workspace\kenia-monolithic-template-expressjs\backend\src\infrastructure\internal\express\index.ts:97:42

  94 this.loadControllersDynamically()
  95   .then(async () => {
  96     const result = this.dbContext.initializeClient()
→ 97     const user = await result.user.findMany(
Can't reach database server at `aws-0-eu-central-1.pooler.supabase.com:6543`

Please make sure your database server is running at `aws-0-eu-central-1.pooler.supabase.com:6543`.
[ERROR] 2024-05-22 08:50:37 Starting server error: PrismaClientInitializationError: 
Invalid `result.user.findMany()` invocation in
C:\Users\Olusegun Sogbesan\Documents\Logan\Web Development\Personal Workspace\kenia-monolithic-template-expressjs\backend\src\infrastructure\internal\express\index.ts:97:42

  94 this.loadControllersDynamically()
  95   .then(async () => {
  96     const result = this.dbContext.initializeClient()
→ 97     const user = await result.user.findMany(
The provided database string is invalid. Error parsing connection string: invalid port number in database URL. Please refer to the documentation in https://www.prisma.io/docs/reference/database-reference/connection-urls for constructing a correct connection string. In some cases, certain characters must be escaped. Please check the string for any illegal characters.
[ERROR] 2024-05-22 08:55:50 Starting server error: PrismaClientInitializationError: 
Invalid `result.user.findMany()` invocation in
C:\Users\Olusegun Sogbesan\Documents\Logan\Web Development\Personal Workspace\kenia-monolithic-template-expressjs\backend\src\infrastructure\internal\express\index.ts:97:42

  94 this.loadControllersDynamically()
  95   .then(async () => {
  96     const result = this.dbContext.initializeClient()
→ 97     const user = await result.user.findMany(
Can't reach database server at `aws-0-eu-central-1.pooler.supabase.com:6543`

Please make sure your database server is running at `aws-0-eu-central-1.pooler.supabase.com:6543`.
[ERROR] 2024-05-22 08:57:33 Starting server error: PrismaClientKnownRequestError: 
Invalid `result.user.findMany()` invocation in
C:\Users\Olusegun Sogbesan\Documents\Logan\Web Development\Personal Workspace\kenia-monolithic-template-expressjs\backend\src\infrastructure\internal\express\index.ts:97:42

  94 this.loadControllersDynamically()
  95   .then(async () => {
  96     const result = this.dbContext.initializeClient()
→ 97     const user = await result.user.findMany(
The table `public.User` does not exist in the current database.
[ERROR] 2024-05-22 13:19:46 Starting server error: Error: Cannot inject the dependency "authService" at position #0 of "AuthController" constructor. Reason:
    Cannot inject the dependency "authProvider" at position #0 of "AuthService" constructor. Reason:
        TypeInfo not known for "AuthProvider"
[ERROR] 2024-05-22 13:21:37 Starting server error: Error: Cannot inject the dependency "authService" at position #0 of "AuthController" constructor. Reason:
    Cannot inject the dependency "authProvider" at position #0 of "AuthService" constructor. Reason:
        TypeInfo not known for "AuthProvider"
[ERROR] 2024-05-22 13:23:45 Starting server error: Error: Cannot inject the dependency "authService" at position #0 of "AuthController" constructor. Reason:
    Cannot inject the dependency "authProvider" at position #0 of "AuthService" constructor. Reason:
        TypeInfo not known for "AuthProvider"
[ERROR] 2024-05-22 13:27:49 Starting server error: Error: Cannot inject the dependency "authService" at position #0 of "AuthController" constructor. Reason:
    Cannot inject the dependency "authProvider" at position #0 of "AuthService" constructor. Reason:
        TypeInfo not known for "AuthProvider"
[ERROR] 2024-05-22 13:29:54 Starting server error: Error: Cannot inject the dependency "authService" at position #0 of "AuthController" constructor. Reason:
    Cannot inject the dependency "authProvider" at position #0 of "AuthService" constructor. Reason:
        TypeInfo not known for "AuthProvider"
[ERROR] 2024-05-22 13:35:03 Starting server error: Error: Cannot inject the dependency "authService" at position #0 of "AuthController" constructor. Reason:
    Cannot inject the dependency "authProvider" at position #0 of "AuthService" constructor. Reason:
        TypeInfo not known for "AuthProvider"
[ERROR] 2024-05-22 13:35:49 Starting server error: Error: Cannot inject the dependency "authService" at position #0 of "AuthController" constructor. Reason:
    Cannot inject the dependency "authProvider" at position #0 of "AuthService" constructor. Reason:
        TypeInfo not known for "AuthProvider"
[ERROR] 2024-05-22 13:36:14 Starting server error: Error: Cannot inject the dependency "authService" at position #0 of "AuthController" constructor. Reason:
    Cannot inject the dependency "authProvider" at position #0 of "AuthService" constructor. Reason:
        Cannot inject the dependency "prisma" at position #0 of "AuthProvider" constructor. Reason:
            TypeInfo not known for "r"
[ERROR] 2024-05-22 13:38:06 Starting server error: Error: Cannot inject the dependency "authService" at position #0 of "AuthController" constructor. Reason:
    Cannot inject the dependency "authProvider" at position #0 of "AuthService" constructor. Reason:
        Cannot inject the dependency "prisma" at position #0 of "AuthProvider" constructor. Reason:
            TypeInfo not known for "r"
[ERROR] 2024-05-22 21:00:56 Expected double-quoted property name in JSON at position 94
[ERROR] 2024-05-22 21:13:29 Starting server error: Error: ⨯ Unable to compile TypeScript:
src/api/modules/base/contollers/Base.controller.ts(98,27): error TS1005: ',' expected.

[ERROR] 2024-05-22 21:33:16 Starting server error: Error: ⨯ Unable to compile TypeScript:
src/api/modules/base/helpers/StatusMapping.ts(6,16): error TS1005: ',' expected.
src/api/modules/base/helpers/StatusMapping.ts(7,14): error TS1005: ',' expected.

[ERROR] 2024-05-22 21:48:53 Starting server error: Error: Cannot find module '../services/AuthSignUp.service'
Require stack:
- C:\Users\Olusegun Sogbesan\Documents\Logan\Web Development\Personal Workspace\kenia-monolithic-template-expressjs\backend\src\api\modules\auth\controllers\Auth.controller.ts
- C:\Users\Olusegun Sogbesan\Documents\Logan\Web Development\Personal Workspace\kenia-monolithic-template-expressjs\backend\src\infrastructure\internal\express\index.ts
- C:\Users\Olusegun Sogbesan\Documents\Logan\Web Development\Personal Workspace\kenia-monolithic-template-expressjs\backend\src\infrastructure\internal\application\index.ts
- C:\Users\Olusegun Sogbesan\Documents\Logan\Web Development\Personal Workspace\kenia-monolithic-template-expressjs\backend\src\index.ts
[ERROR] 2024-05-23 17:42:32 Starting server error: Error: ⨯ Unable to compile TypeScript:
src/api/shared/helpers/results/Result.ts(26,11): error TS1005: ':' expected.
src/api/shared/helpers/results/Result.ts(27,7): error TS1005: ',' expected.
src/api/shared/helpers/results/Result.ts(27,11): error TS1005: ':' expected.

[ERROR] 2024-05-23 17:42:48 Starting server error: Error: ⨯ Unable to compile TypeScript:
src/api/shared/helpers/results/Result.ts(25,11): error TS1005: ':' expected.
src/api/shared/helpers/results/Result.ts(25,19): error TS1005: ',' expected.
src/api/shared/helpers/results/Result.ts(26,7): error TS1005: ',' expected.
src/api/shared/helpers/results/Result.ts(26,11): error TS1005: ':' expected.
src/api/shared/helpers/results/Result.ts(26,16): error TS1005: ',' expected.

[ERROR] 2024-05-24 13:00:23 Starting server error: Error: ⨯ Unable to compile TypeScript:
src/api/modules/auth/services/AuthSignUp.service.ts(84,22): error TS1003: Identifier expected.

[ERROR] 2024-05-24 13:01:24 Starting server error: Error: Cannot inject the dependency "authSignUpService" at position #0 of "AuthController" constructor. Reason:
    Cannot inject the dependency "prisma" at position #2 of "AuthSignUpService" constructor. Reason:
        TypeInfo not known for "r"
[ERROR] 2024-05-24 15:15:46 Starting server error: Error: ⨯ Unable to compile TypeScript:
src/api/modules/auth/services/AuthSignUp.service.ts(81,6): error TS1005: ',' expected.
src/api/modules/auth/services/AuthSignUp.service.ts(81,12): error TS1003: Identifier expected.
src/api/modules/auth/services/AuthSignUp.service.ts(88,6): error TS1005: ';' expected.
src/api/modules/auth/services/AuthSignUp.service.ts(90,1): error TS1472: 'catch' or 'finally' expected.
src/api/modules/auth/services/AuthSignUp.service.ts(91,1): error TS1005: '}' expected.

[ERROR] 2024-05-25 12:40:08 Error: Error: getaddrinfo ENOTFOUND gmail
[ERROR] 2024-05-25 12:41:33 Error: Error: getaddrinfo ENOTFOUND gmail
[ERROR] 2024-05-25 12:48:53 Error: Error: Invalid login: 534-5.7.9 Application-specific password required. For more information, go to
534 5.7.9  https://support.google.com/mail/?p=InvalidSecondFactor 4fb4d7f45d1cf-578523d58afsm3071798a12.44 - gsmtp
[ERROR] 2024-05-25 15:45:13 Starting server error: Error: ⨯ Unable to compile TypeScript:
src/api/modules/auth/services/AuthSignUp.service.ts(55,9): error TS1005: ',' expected.

[ERROR] 2024-05-25 16:33:53 Starting server error: Error: ⨯ Unable to compile TypeScript:
src/api/modules/auth/services/AuthSignUp.service.ts(74,7): error TS1005: 'try' expected.
src/api/modules/auth/services/AuthSignUp.service.ts(84,3): error TS1472: 'catch' or 'finally' expected.

[ERROR] 2024-05-25 16:42:23 Starting server error: Error: ⨯ Unable to compile TypeScript:
src/api/modules/auth/services/AuthSignUp.service.ts(97,57): error TS1005: ',' expected.

[ERROR] 2024-05-25 16:55:41 Error: Error: Message failed: 502 5.7.0 Your SMTP account is not yet activated. Please contact us at contact@sendinblue.com to request activation.
[ERROR] 2024-05-25 17:02:05 Error: Error: No recipients defined
[ERROR] 2024-05-25 17:39:12 Error: Error: Message failed: 502 5.7.0 Your SMTP account is not yet activated. Please contact us at contact@sendinblue.com to request activation.
[ERROR] 2024-05-25 17:54:35 Error: Error: Message failed: 502 5.7.0 Your SMTP account is not yet activated. Please contact us at contact@sendinblue.com to request activation.
[ERROR] 2024-05-25 18:09:20 Error: Error: Message failed: 502 5.7.0 Your SMTP account is not yet activated. Please contact us at contact@sendinblue.com to request activation.
[ERROR] 2024-05-25 20:19:10 Error: Error: Mail command failed: 550 5.7.1 Sending from domain gmail.com is not allowed
[ERROR] 2024-05-25 21:19:06 Error: Error: Can't send mail - all recipients were rejected: 554 5.7.1 Demo domains can only be used to send emails to account owners. You can only send testing emails to your own email address.
[ERROR] 2024-05-25 23:27:50 Error: Error: Can't send mail - all recipients were rejected: 554 5.7.1 Demo domains can only be used to send emails to account owners. You can only send testing emails to your own email address.
[ERROR] 2024-05-25 23:46:19 Error: Error: Can't send mail - all recipients were rejected: 554 5.7.1 Demo domains can only be used to send emails to account owners. You can only send testing emails to your own email address.
[ERROR] 2024-05-25 23:47:41 Error: Error: Can't send mail - all recipients were rejected: 554 5.7.1 Demo domains can only be used to send emails to account owners. You can only send testing emails to your own email address.
[ERROR] 2024-05-25 23:52:05 Error: Error: Can't send mail - all recipients were rejected: 554 5.7.1 Demo domains can only be used to send emails to account owners. You can only send testing emails to your own email address.
[ERROR] 2024-05-25 23:57:11 Error: Error: Can't send mail - all recipients were rejected: 554 5.7.1 Demo domains can only be used to send emails to account owners. You can only send testing emails to your own email address.
[ERROR] 2024-05-25 23:58:52 Starting server error: Error: ⨯ Unable to compile TypeScript:
src/api/shared/helpers/results/Result.ts(23,5): error TS1005: ',' expected.

[ERROR] 2024-05-25 23:59:40 Starting server error: Error: ⨯ Unable to compile TypeScript:
src/api/shared/helpers/results/Result.ts(29,25): error TS1005: ';' expected.

[ERROR] 2024-05-26 00:01:12 Error: Error: Can't send mail - all recipients were rejected: 554 5.7.1 Demo domains can only be used to send emails to account owners. You can only send testing emails to your own email address.
[ERROR] 2024-05-26 00:03:18 Error: Error: Can't send mail - all recipients were rejected: 554 5.7.1 Demo domains can only be used to send emails to account owners. You can only send testing emails to your own email address.
[ERROR] 2024-05-26 00:03:40 Starting server error: Error: ⨯ Unable to compile TypeScript:
src/api/shared/helpers/results/Result.ts(54,9): error TS1005: ',' expected.

[ERROR] 2024-05-26 00:18:07 Missing Token: Access token is missing.
[ERROR] 2024-05-26 00:18:26 Missing Token: Access token is missing.
[ERROR] 2024-05-26 00:31:27 Error: Error: Can't send mail - all recipients were rejected: 554 5.7.1 Demo domains can only be used to send emails to account owners. You can only send testing emails to your own email address.
[ERROR] 2024-05-26 10:40:24 Missing Token: Access token is missing.
[ERROR] 2024-05-26 10:40:24 Missing Token: Access token is missing.
[ERROR] 2024-05-26 11:01:22 Missing Token: Access token is missing.
[ERROR] 2024-05-26 11:04:32 Missing Token: Access token is missing.
